2025-02-07 04:35:07 - Moge - INFO - ====== 应用程序启动 ====== (main.py:16)
2025-02-07 04:35:07 - Moge.ui.main_window - INFO - 主窗口初始化完成 (main_window.py:30)
2025-02-07 04:35:07 - Moge - INFO - 主窗口初始化完成 (main.py:28)
2025-02-07 04:35:14 - Moge - INFO - 应用程序退出，代码: 0 (main.py:32)
2025-02-07 04:49:37 - Moge - INFO - ====== 应用程序启动 ====== (main.py:16)
2025-02-07 04:49:39 - Moge - INFO - ====== 应用程序启动 ====== (main.py:16)
2025-02-07 04:49:40 - Moge.ui.main_window - INFO - 像素化参数面板初始化完成 (main_window.py:121)
2025-02-07 04:49:40 - Moge.ui.main_window - INFO - 颜色压缩面板初始化完成 (main_window.py:150)
2025-02-07 04:49:40 - Moge.ui.main_window - INFO - 所有UI组件初始化完成 (main_window.py:67)
2025-02-07 04:49:40 - Moge.ui.main_window - INFO - 主窗口初始化完成 (main_window.py:28)
2025-02-07 04:49:40 - Moge - INFO - 主窗口初始化完成 (main.py:28)
2025-02-07 04:50:02 - Moge - INFO - 应用程序退出，代码: 0 (main.py:32)
2025-02-07 04:52:37 - Moge - INFO - ====== 应用程序启动 ====== (main.py:16)
2025-02-07 04:52:37 - Moge.ui.main_window - INFO - 像素化参数面板初始化完成 (main_window.py:121)
2025-02-07 04:52:37 - Moge.ui.main_window - INFO - 颜色压缩面板初始化完成 (main_window.py:150)
2025-02-07 04:52:37 - Moge.ui.main_window - INFO - 所有UI组件初始化完成 (main_window.py:67)
2025-02-07 04:52:37 - Moge.ui.main_window - INFO - 主窗口初始化完成 (main_window.py:28)
2025-02-07 04:52:37 - Moge - INFO - 主窗口初始化完成 (main.py:28)
2025-02-07 04:52:42 - Moge - INFO - 应用程序退出，代码: 0 (main.py:32)
2025-02-07 04:53:02 - Moge - INFO - ====== 应用程序启动 ====== (main.py:16)
2025-02-07 04:53:02 - Moge.ui.main_window - INFO - 像素化参数面板初始化完成 (main_window.py:121)
2025-02-07 04:53:02 - Moge.ui.main_window - INFO - 颜色压缩面板初始化完成 (main_window.py:150)
2025-02-07 04:53:02 - Moge.ui.main_window - INFO - 所有UI组件初始化完成 (main_window.py:67)
2025-02-07 04:53:02 - Moge.ui.main_window - INFO - 主窗口初始化完成 (main_window.py:28)
2025-02-07 04:53:03 - Moge - INFO - 主窗口初始化完成 (main.py:28)
2025-02-07 04:53:08 - Moge - INFO - 应用程序退出，代码: 0 (main.py:32)
2025-02-07 04:53:42 - Moge - INFO - ====== 应用程序启动 ====== (main.py:16)
2025-02-07 04:53:42 - Moge - INFO - ====== 应用程序启动 ====== (main.py:16)
2025-02-07 04:53:42 - Moge.ui.main_window - INFO - 像素化参数面板初始化完成 (main_window.py:121)
2025-02-07 04:53:42 - Moge.ui.main_window - INFO - 颜色压缩面板初始化完成 (main_window.py:150)
2025-02-07 04:53:42 - Moge.ui.main_window - INFO - 所有UI组件初始化完成 (main_window.py:67)
2025-02-07 04:53:42 - Moge.ui.main_window - INFO - 主窗口初始化完成 (main_window.py:28)
2025-02-07 04:53:42 - Moge.ui.main_window - INFO - 像素化参数面板初始化完成 (main_window.py:121)
2025-02-07 04:53:42 - Moge.ui.main_window - INFO - 颜色压缩面板初始化完成 (main_window.py:150)
2025-02-07 04:53:42 - Moge.ui.main_window - INFO - 所有UI组件初始化完成 (main_window.py:67)
2025-02-07 04:53:42 - Moge.ui.main_window - INFO - 主窗口初始化完成 (main_window.py:28)
2025-02-07 04:53:43 - Moge - INFO - 主窗口初始化完成 (main.py:28)
2025-02-07 04:53:43 - Moge - INFO - 主窗口初始化完成 (main.py:28)
2025-02-07 04:53:49 - Moge - INFO - 应用程序退出，代码: 0 (main.py:32)
2025-02-07 04:53:58 - Moge - INFO - 应用程序退出，代码: 0 (main.py:32)
2025-02-07 04:54:50 - Moge - INFO - ====== 应用程序启动 ====== (main.py:16)
2025-02-07 04:54:50 - Moge.ui.main_window - INFO - 像素化参数面板初始化完成 (main_window.py:121)
2025-02-07 04:54:50 - Moge.ui.main_window - INFO - 颜色压缩面板初始化完成 (main_window.py:150)
2025-02-07 04:54:50 - Moge.ui.main_window - INFO - 所有UI组件初始化完成 (main_window.py:67)
2025-02-07 04:54:50 - Moge.ui.main_window - INFO - 主窗口初始化完成 (main_window.py:28)
2025-02-07 04:54:51 - Moge - INFO - 主窗口初始化完成 (main.py:27)
2025-02-07 04:54:52 - Moge - INFO - 应用程序退出，代码: 0 (main.py:31)
2025-02-07 04:55:02 - Moge - INFO - ====== 应用程序启动 ====== (main.py:16)
2025-02-07 04:55:02 - Moge.ui.main_window - INFO - 像素化参数面板初始化完成 (main_window.py:121)
2025-02-07 04:55:02 - Moge.ui.main_window - INFO - 颜色压缩面板初始化完成 (main_window.py:150)
2025-02-07 04:55:02 - Moge.ui.main_window - INFO - 所有UI组件初始化完成 (main_window.py:67)
2025-02-07 04:55:02 - Moge.ui.main_window - INFO - 主窗口初始化完成 (main_window.py:28)
2025-02-07 04:55:02 - Moge - INFO - 主窗口初始化完成 (main.py:27)
2025-02-07 04:55:07 - Moge - INFO - 应用程序退出，代码: 0 (main.py:31)
2025-02-07 04:55:32 - Moge - INFO - ====== 应用程序启动 ====== (main.py:16)
2025-02-07 04:55:33 - Moge.UI.MainWindow - INFO - 像素化参数面板初始化完成 (main_window.py:116)
2025-02-07 04:55:33 - Moge.UI.MainWindow - INFO - 颜色压缩面板初始化完成 (main_window.py:143)
2025-02-07 04:55:33 - Moge.UI.MainWindow - INFO - 所有UI组件初始化完成 (main_window.py:67)
2025-02-07 04:55:33 - Moge.UI.MainWindow - INFO - 主窗口初始化完成 (main_window.py:29)
2025-02-07 04:55:33 - Moge - INFO - 主窗口初始化完成 (main.py:27)
2025-02-07 04:55:51 - Moge - INFO - 应用程序退出，代码: 0 (main.py:31)
2025-02-07 04:56:18 - Moge - INFO - ====== 应用程序启动 ====== (main.py:16)
2025-02-07 04:56:19 - Moge - INFO - 主窗口初始化完成 (main.py:27)
2025-02-07 04:56:25 - Moge - INFO - 应用程序退出，代码: 0 (main.py:31)
2025-02-07 04:59:36 - Moge - INFO - ====== 应用程序启动 ====== (main.py:16)
2025-02-07 04:59:40 - Moge - INFO - ====== 应用程序启动 ====== (main.py:16)
2025-02-07 04:59:41 - Moge - INFO - 主窗口初始化完成 (main.py:27)
2025-02-07 04:59:42 - Moge.UI.MainWindow - INFO - 开始打开图片流程 (main_window.py:110)
2025-02-07 04:59:46 - Moge.UI.MainWindow - INFO - 尝试加载图片: E:/PyQt5_demo/Moge/1738586779245.jpg (main_window.py:123)
2025-02-07 04:59:46 - Moge.UI.MainWindow - CRITICAL - 打开图片过程中发生未处理异常 (main_window.py:165)
Traceback (most recent call last):
  File "E:\PyQt5_demo\Moge\ui\main_window.py", line 132, in open_image
    logger.debug(f"原始图像格式: {qimg.format().name()}")
AttributeError: 'Format' object has no attribute 'name'
2025-02-07 04:59:55 - Moge - INFO - 应用程序退出，代码: 0 (main.py:31)
2025-02-07 05:00:59 - Moge - INFO - ====== 应用程序启动 ====== (main.py:16)
2025-02-07 05:01:00 - Moge.UI.MainWindow - INFO - 像素化参数面板初始化完成 (main_window.py:116)
2025-02-07 05:01:00 - Moge.UI.MainWindow - INFO - 颜色压缩面板初始化完成 (main_window.py:143)
2025-02-07 05:01:00 - Moge.UI.MainWindow - INFO - 所有UI组件初始化完成 (main_window.py:67)
2025-02-07 05:01:00 - Moge.UI.MainWindow - INFO - 主窗口初始化完成 (main_window.py:29)
2025-02-07 05:01:00 - Moge - INFO - 主窗口初始化完成 (main.py:27)
2025-02-07 05:01:02 - Moge - INFO - 应用程序退出，代码: 0 (main.py:31)
2025-02-07 05:01:07 - Moge - INFO - ====== 应用程序启动 ====== (main.py:16)
2025-02-07 05:01:07 - Moge.UI.MainWindow - INFO - 像素化参数面板初始化完成 (main_window.py:116)
2025-02-07 05:01:07 - Moge.UI.MainWindow - INFO - 颜色压缩面板初始化完成 (main_window.py:143)
2025-02-07 05:01:07 - Moge.UI.MainWindow - INFO - 所有UI组件初始化完成 (main_window.py:67)
2025-02-07 05:01:07 - Moge.UI.MainWindow - INFO - 主窗口初始化完成 (main_window.py:29)
2025-02-07 05:01:07 - Moge - INFO - 主窗口初始化完成 (main.py:27)
2025-02-07 05:01:31 - Moge - INFO - 应用程序退出，代码: 0 (main.py:31)
2025-02-07 05:09:57 - Moge - INFO - ====== 应用程序启动 ====== (main.py:16)
2025-02-07 05:09:57 - Moge.UI.MainWindow - INFO - 像素化参数面板初始化完成 (main_window.py:117)
2025-02-07 05:09:57 - Moge.UI.MainWindow - INFO - 颜色压缩面板初始化完成 (main_window.py:144)
2025-02-07 05:09:57 - Moge.UI.MainWindow - INFO - 所有UI组件初始化完成 (main_window.py:68)
2025-02-07 05:09:57 - Moge.UI.MainWindow - ERROR - 信号与槽连接失败 (main_window.py:158)
Traceback (most recent call last):
  File "E:\PyQt5_demo\Moge\ui\main_window.py", line 156, in setup_connections
    self.btn_process.clicked.connect(self.process_image)  # 处理按钮信号连接
AttributeError: 'MainWindow' object has no attribute 'btn_process'
2025-02-07 05:10:04 - Moge - INFO - ====== 应用程序启动 ====== (main.py:16)
2025-02-07 05:10:05 - Moge.UI.MainWindow - INFO - 像素化参数面板初始化完成 (main_window.py:117)
2025-02-07 05:10:05 - Moge.UI.MainWindow - INFO - 颜色压缩面板初始化完成 (main_window.py:144)
2025-02-07 05:10:05 - Moge.UI.MainWindow - INFO - 所有UI组件初始化完成 (main_window.py:68)
2025-02-07 05:10:05 - Moge.UI.MainWindow - ERROR - 信号与槽连接失败 (main_window.py:158)
Traceback (most recent call last):
  File "E:\PyQt5_demo\Moge\ui\main_window.py", line 156, in setup_connections
    self.btn_process.clicked.connect(self.process_image)  # 处理按钮信号连接
AttributeError: 'MainWindow' object has no attribute 'btn_process'
2025-02-07 05:15:19 - Moge - INFO - ====== 应用程序启动 ====== (main.py:16)
2025-02-07 05:15:19 - Moge.UI.MainWindow - INFO - 像素化参数面板初始化完成 (main_window.py:119)
2025-02-07 05:15:19 - Moge.UI.MainWindow - INFO - 颜色压缩面板初始化完成 (main_window.py:146)
2025-02-07 05:15:19 - Moge.UI.MainWindow - CRITICAL - UI初始化失败 (main_window.py:73)
Traceback (most recent call last):
  File "E:\PyQt5_demo\Moge\ui\main_window.py", line 68, in initUI
    self._init_process_button(control_layout)
TypeError: _init_process_button() takes 1 positional argument but 2 were given
2025-02-07 05:18:41 - Moge - INFO - ====== 应用程序启动 ====== (main.py:16)
2025-02-07 05:18:42 - Moge.UI.MainWindow - INFO - 像素化参数面板初始化完成 (main_window.py:119)
2025-02-07 05:18:42 - Moge.UI.MainWindow - INFO - 颜色压缩面板初始化完成 (main_window.py:146)
2025-02-07 05:18:42 - Moge.UI.MainWindow - INFO - 处理按钮初始化完成 (main_window.py:159)
2025-02-07 05:18:42 - Moge.UI.MainWindow - INFO - 所有UI组件初始化完成 (main_window.py:70)
2025-02-07 05:18:42 - Moge.UI.MainWindow - INFO - 主窗口初始化完成 (main_window.py:30)
2025-02-07 05:18:42 - Moge - INFO - 主窗口初始化完成 (main.py:27)
2025-02-07 05:18:43 - Moge.UI.MainWindow - INFO - 开始打开图片流程 (main_window.py:179)
2025-02-07 05:18:45 - Moge.UI.MainWindow - INFO - 用户选择图片路径：E:/PyQt5_demo/Moge/1738586779245.jpg (main_window.py:192)
2025-02-07 05:18:45 - Moge.UI.MainWindow - INFO - 图片转换成功，numpy数组形状：(298, 248, 3) (main_window.py:210)
2025-02-07 05:18:45 - Moge.UI.MainWindow - INFO - 画布已更新显示 248x298 图像 (main_window.py:302)
2025-02-07 05:18:47 - Moge.UI.MainWindow - INFO - 开始图像处理流程 (main_window.py:310)
2025-02-07 05:18:47 - Moge.UI.MainWindow - INFO - 处理参数：{'block_size': 4, 'resize_method': '向上取整', 'pixel_method': '平均值', 'n_clusters': 16, 'seed': 42} (main_window.py:326)
2025-02-07 05:18:47 - Moge.UI.MainWindow - INFO - 缩放后图像尺寸：(296, 248, 3) (main_window.py:339)
2025-02-07 05:18:47 - Moge.UI.MainWindow - INFO - 颜色聚类完成，最终图像尺寸：(296, 248, 3) (main_window.py:357)
2025-02-07 05:18:47 - Moge.UI.MainWindow - INFO - 画布已更新显示 248x296 图像 (main_window.py:302)
2025-02-07 05:18:47 - Moge.UI.MainWindow - INFO - 图像处理流程完成 (main_window.py:362)
2025-02-07 05:18:58 - Moge.UI.MainWindow - INFO - 开始图像处理流程 (main_window.py:310)
2025-02-07 05:18:58 - Moge.UI.MainWindow - INFO - 处理参数：{'block_size': 4, 'resize_method': '向上取整', 'pixel_method': '平均值', 'n_clusters': 16, 'seed': 42} (main_window.py:326)
2025-02-07 05:18:58 - Moge.UI.MainWindow - INFO - 缩放后图像尺寸：(296, 248, 3) (main_window.py:339)
2025-02-07 05:18:58 - Moge.UI.MainWindow - INFO - 颜色聚类完成，最终图像尺寸：(296, 248, 3) (main_window.py:357)
2025-02-07 05:18:58 - Moge.UI.MainWindow - INFO - 画布已更新显示 248x296 图像 (main_window.py:302)
2025-02-07 05:18:58 - Moge.UI.MainWindow - INFO - 图像处理流程完成 (main_window.py:362)
2025-02-07 05:19:02 - Moge.UI.MainWindow - INFO - 开始图像处理流程 (main_window.py:310)
2025-02-07 05:19:02 - Moge.UI.MainWindow - INFO - 处理参数：{'block_size': 4, 'resize_method': '向上取整', 'pixel_method': '平均值', 'n_clusters': 16, 'seed': 42} (main_window.py:326)
2025-02-07 05:19:02 - Moge.UI.MainWindow - INFO - 缩放后图像尺寸：(296, 248, 3) (main_window.py:339)
2025-02-07 05:19:02 - Moge.UI.MainWindow - INFO - 颜色聚类完成，最终图像尺寸：(296, 248, 3) (main_window.py:357)
2025-02-07 05:19:02 - Moge.UI.MainWindow - INFO - 画布已更新显示 248x296 图像 (main_window.py:302)
2025-02-07 05:19:02 - Moge.UI.MainWindow - INFO - 图像处理流程完成 (main_window.py:362)
2025-02-07 05:19:04 - Moge.UI.MainWindow - INFO - 开始保存图片流程 (main_window.py:221)
2025-02-07 05:19:15 - Moge.UI.MainWindow - INFO - 用户选择保存路径：E:/PyQt5_demo/Moge/错误.png | 格式：PNG文件 (*.png) (main_window.py:239)
2025-02-07 05:19:15 - Moge.UI.MainWindow - INFO - 图片保存成功：E:/PyQt5_demo/Moge/错误.png (main_window.py:254)
2025-02-07 05:19:41 - Moge - INFO - 应用程序退出，代码: 0 (main.py:31)
2025-02-07 05:20:17 - Moge - INFO - ====== 应用程序启动 ====== (main.py:16)
2025-02-07 05:20:17 - Moge - INFO - 主窗口初始化完成 (main.py:27)
2025-02-07 05:23:13 - Moge - INFO - 应用程序退出，代码: 0 (main.py:31)
2025-02-07 05:28:51 - Moge - INFO - ====== 应用程序启动 ====== (main.py:16)
2025-02-07 05:28:52 - Moge - INFO - 主窗口初始化完成 (main.py:27)
2025-02-07 05:28:52 - Moge - INFO - 主窗口初始化完成 (main.py:27)
2025-02-07 05:28:56 - Moge - INFO - 应用程序退出，代码: 0 (main.py:31)
2025-02-07 05:29:29 - Moge - INFO - 应用程序退出，代码: 0 (main.py:31)
2025-02-07 05:29:34 - Moge - INFO - ====== 应用程序启动 ====== (main.py:16)
2025-02-07 05:29:35 - Moge - INFO - ====== 应用程序启动 ====== (main.py:16)
2025-02-07 05:29:35 - Moge - INFO - 主窗口初始化完成 (main.py:27)
2025-02-07 05:29:35 - Moge - INFO - 主窗口初始化完成 (main.py:27)
2025-02-07 05:29:38 - Moge - INFO - 应用程序退出，代码: 0 (main.py:31)
2025-02-07 05:36:34 - Moge - INFO - 应用程序退出，代码: 0 (main.py:31)
2025-02-07 06:03:03 - Moge - INFO - ====== 应用程序启动 ====== (main.py:16)
2025-02-07 06:03:07 - Moge - INFO - ====== 应用程序启动 ====== (main.py:16)
2025-02-07 06:03:07 - Moge - INFO - 主窗口初始化完成 (main.py:27)
2025-02-07 06:03:38 - Moge - INFO - 应用程序退出，代码: 0 (main.py:31)
2025-02-07 06:04:19 - Moge - INFO - ====== 应用程序启动 ====== (main.py:16)
2025-02-07 06:04:25 - Moge - INFO - ====== 应用程序启动 ====== (main.py:16)
2025-02-07 06:04:26 - Moge - INFO - 主窗口初始化完成 (main.py:27)
2025-02-07 06:05:50 - Moge - INFO - 应用程序退出，代码: 0 (main.py:31)
2025-02-07 06:06:09 - Moge - INFO - ====== 应用程序启动 ====== (main.py:16)
2025-02-07 06:06:10 - Moge - INFO - 主窗口初始化完成 (main.py:27)
2025-02-07 06:06:23 - Moge - INFO - 应用程序退出，代码: 0 (main.py:31)
2025-02-07 06:07:03 - Moge - INFO - ====== 应用程序启动 ====== (main.py:16)
2025-02-07 06:07:13 - Moge - INFO - ====== 应用程序启动 ====== (main.py:16)
2025-02-07 06:07:13 - Moge - INFO - 主窗口初始化完成 (main.py:27)
2025-02-07 06:07:28 - Moge - INFO - 应用程序退出，代码: 0 (main.py:31)
2025-02-07 06:09:12 - Moge - INFO - ====== 应用程序启动 ====== (main.py:16)
2025-02-07 06:09:13 - Moge - INFO - 主窗口初始化完成 (main.py:27)
2025-02-07 06:11:22 - Moge - INFO - 应用程序退出，代码: 0 (main.py:31)
2025-02-07 06:11:51 - Moge - INFO - ====== 应用程序启动 ====== (main.py:16)
2025-02-07 06:11:52 - Moge - INFO - 主窗口初始化完成 (main.py:27)
2025-02-07 06:12:26 - Moge - INFO - 应用程序退出，代码: 0 (main.py:31)
2025-02-07 06:13:39 - Moge - INFO - ====== 应用程序启动 ====== (main.py:16)
2025-02-07 06:13:40 - Moge - INFO - 主窗口初始化完成 (main.py:27)
2025-02-07 06:17:58 - Moge - INFO - 应用程序退出，代码: 0 (main.py:31)
2025-02-07 06:18:04 - Moge - INFO - ====== 应用程序启动 ====== (main.py:16)
2025-02-07 06:18:04 - Moge - INFO - 主窗口初始化完成 (main.py:27)
2025-02-07 06:18:16 - Moge - INFO - 应用程序退出，代码: 0 (main.py:31)
2025-02-07 06:19:00 - Moge - INFO - ====== 应用程序启动 ====== (main.py:16)
2025-02-07 06:19:00 - Moge - INFO - 主窗口初始化完成 (main.py:27)
2025-02-07 06:23:48 - Moge - INFO - 应用程序退出，代码: 0 (main.py:31)
2025-02-07 06:28:04 - Moge - INFO - ====== 应用程序启动 ====== (main.py:16)
2025-02-07 06:28:04 - Moge.ui.main_window - INFO - 主窗口初始化完成 (main_window.py:31)
2025-02-07 06:28:04 - Moge - INFO - 主窗口初始化完成 (main.py:27)
2025-02-07 06:28:06 - Moge.ui.main_window - INFO - 开始打开图片流程 (main_window.py:123)
2025-02-07 06:28:10 - Moge.ui.main_window - INFO - 画布已更新显示 248x298 图像 (main_window.py:214)
2025-02-07 06:28:13 - Moge.ui.main_window - INFO - 开始图像处理流程 (main_window.py:222)
2025-02-07 06:28:13 - Moge.ui.main_window - INFO - 处理参数：{'block_size': 4, 'resize_method': '向上取整', 'pixel_method': '平均值', 'n_clusters': 16, 'seed': 42} (main_window.py:238)
2025-02-07 06:28:13 - Moge.ui.main_window - INFO - 缩放后图像尺寸：(298, 248, 3) (main_window.py:251)
2025-02-07 06:28:13 - Moge.ui.main_window - INFO - 颜色聚类完成，最终图像尺寸：(298, 248, 3) (main_window.py:270)
2025-02-07 06:28:13 - Moge.ui.main_window - INFO - 画布已更新显示 248x298 图像 (main_window.py:214)
2025-02-07 06:28:13 - Moge.ui.main_window - INFO - 图像处理流程完成 (main_window.py:275)
2025-02-07 06:28:20 - Moge.ui.main_window - INFO - 开始图像处理流程 (main_window.py:222)
2025-02-07 06:28:20 - Moge.ui.main_window - INFO - 处理参数：{'block_size': 4, 'resize_method': '向上取整', 'pixel_method': '频数值', 'n_clusters': 16, 'seed': 42} (main_window.py:238)
2025-02-07 06:28:20 - Moge.ui.main_window - INFO - 缩放后图像尺寸：(298, 248, 3) (main_window.py:251)
2025-02-07 06:28:20 - Moge.ui.main_window - INFO - 颜色聚类完成，最终图像尺寸：(298, 248, 3) (main_window.py:270)
2025-02-07 06:28:20 - Moge.ui.main_window - INFO - 画布已更新显示 248x298 图像 (main_window.py:214)
2025-02-07 06:28:20 - Moge.ui.main_window - INFO - 图像处理流程完成 (main_window.py:275)
2025-02-07 06:28:32 - Moge.ui.main_window - INFO - 开始保存图片流程 (main_window.py:150)
2025-02-07 06:28:36 - Moge.ui.main_window - INFO - 用户选择保存路径：E:/PyQt5_demo/Moge/3.png | 格式：PNG文件 (*.png) (main_window.py:168)
2025-02-07 06:28:36 - Moge.ui.main_window - INFO - 图片保存成功：E:/PyQt5_demo/Moge/3.png (main_window.py:175)
2025-02-07 06:28:46 - Moge.ui.main_window - INFO - 开始保存图片流程 (main_window.py:150)
2025-02-07 06:28:50 - Moge.ui.main_window - INFO - 用户选择保存路径：E:/PyQt5_demo/Moge/一二三.png | 格式：PNG文件 (*.png) (main_window.py:168)
2025-02-07 06:28:50 - Moge.ui.main_window - INFO - 图片保存成功：E:/PyQt5_demo/Moge/一二三.png (main_window.py:175)
2025-02-07 06:29:49 - Moge.ui.main_window - INFO - 开始保存图片流程 (main_window.py:150)
2025-02-07 06:30:41 - Moge.ui.main_window - INFO - 开始打开图片流程 (main_window.py:123)
2025-02-07 06:30:49 - Moge.ui.main_window - INFO - 开始打开图片流程 (main_window.py:123)
2025-02-07 06:30:53 - Moge.ui.main_window - INFO - 开始打开图片流程 (main_window.py:123)
2025-02-07 06:31:03 - Moge.ui.main_window - INFO - 开始打开图片流程 (main_window.py:123)
2025-02-07 06:31:09 - Moge.ui.main_window - INFO - 开始保存图片流程 (main_window.py:150)
2025-02-07 06:32:18 - Moge.ui.main_window - INFO - 开始打开图片流程 (main_window.py:123)
2025-02-07 06:32:51 - Moge - INFO - 应用程序退出，代码: 0 (main.py:31)
2025-02-07 06:33:08 - Moge - INFO - ====== 应用程序启动 ====== (main.py:16)
2025-02-07 06:33:08 - Moge.ui.main_window - INFO - 主窗口初始化完成 (main_window.py:31)
2025-02-07 06:33:09 - Moge - INFO - 主窗口初始化完成 (main.py:27)
2025-02-07 06:33:13 - Moge.ui.main_window - INFO - 开始图像处理流程 (main_window.py:222)
2025-02-07 06:33:13 - Moge.ui.main_window - WARNING - 未加载图像时尝试处理 (main_window.py:226)
2025-02-07 06:33:17 - Moge.ui.main_window - INFO - 开始打开图片流程 (main_window.py:123)
2025-02-07 06:33:21 - Moge.ui.main_window - INFO - 画布已更新显示 248x298 图像 (main_window.py:214)
2025-02-07 06:33:22 - Moge.ui.main_window - INFO - 开始打开图片流程 (main_window.py:123)
2025-02-07 06:34:24 - Moge.ui.main_window - INFO - 开始图像处理流程 (main_window.py:222)
2025-02-07 06:34:24 - Moge.ui.main_window - INFO - 处理参数：{'block_size': 4, 'resize_method': '向上取整', 'pixel_method': '频数值', 'n_clusters': 16, 'seed': 42} (main_window.py:238)
2025-02-07 06:34:24 - Moge.ui.main_window - INFO - 缩放后图像尺寸：(298, 248, 3) (main_window.py:251)
2025-02-07 06:34:24 - Moge.ui.main_window - INFO - 颜色聚类完成，最终图像尺寸：(298, 248, 3) (main_window.py:269)
2025-02-07 06:34:24 - Moge.ui.main_window - INFO - 画布已更新显示 248x298 图像 (main_window.py:214)
2025-02-07 06:34:24 - Moge.ui.main_window - INFO - 图像处理流程完成 (main_window.py:274)
2025-02-07 23:34:59 - Moge - INFO - 应用程序退出，代码: 0 (main.py:31)
2025-02-07 23:35:13 - Moge - INFO - ====== 应用程序启动 ====== (main.py:16)
2025-02-07 23:35:13 - Moge.ui.main_window - INFO - 主窗口初始化完成 (main_window.py:31)
2025-02-07 23:35:14 - Moge - INFO - 主窗口初始化完成 (main.py:27)
2025-02-07 23:35:20 - Moge.ui.main_window - INFO - 开始打开图片流程 (main_window.py:123)
2025-02-07 23:35:27 - Moge.ui.main_window - INFO - 画布已更新显示 248x298 图像 (main_window.py:220)
2025-02-07 23:35:29 - Moge.ui.main_window - INFO - 开始图像处理流程 (main_window.py:228)
2025-02-07 23:35:29 - Moge.ui.main_window - INFO - 处理参数：{'block_size': 4, 'resize_method': '向上取整', 'pixel_method': '平均值', 'n_clusters': 16, 'seed': 42} (main_window.py:244)
2025-02-07 23:35:29 - Moge.ui.main_window - INFO - 缩放后图像尺寸：(298, 248, 3) (main_window.py:257)
2025-02-07 23:35:30 - Moge.ui.main_window - INFO - 颜色聚类完成，最终图像尺寸：(298, 248, 3) (main_window.py:275)
2025-02-07 23:35:30 - Moge.ui.main_window - INFO - 画布已更新显示 248x298 图像 (main_window.py:220)
2025-02-07 23:35:30 - Moge.ui.main_window - INFO - 图像处理流程完成 (main_window.py:280)
2025-02-07 23:35:34 - Moge.ui.main_window - INFO - 开始图像处理流程 (main_window.py:228)
2025-02-07 23:35:34 - Moge.ui.main_window - INFO - 处理参数：{'block_size': 4, 'resize_method': '向上取整', 'pixel_method': '频数值', 'n_clusters': 16, 'seed': 42} (main_window.py:244)
2025-02-07 23:35:34 - Moge.ui.main_window - INFO - 缩放后图像尺寸：(298, 248, 3) (main_window.py:257)
2025-02-07 23:35:34 - Moge.ui.main_window - INFO - 颜色聚类完成，最终图像尺寸：(298, 248, 3) (main_window.py:275)
2025-02-07 23:35:34 - Moge.ui.main_window - INFO - 画布已更新显示 248x298 图像 (main_window.py:220)
2025-02-07 23:35:34 - Moge.ui.main_window - INFO - 图像处理流程完成 (main_window.py:280)
2025-02-07 23:35:35 - Moge.ui.main_window - INFO - 开始保存图片流程 (main_window.py:150)
2025-02-07 23:35:40 - Moge.ui.main_window - INFO - 用户选择保存路径：E:/PyQt5_demo/Moge/输出.png | 格式：PNG文件 (*.png) (main_window.py:168)
2025-02-07 23:35:40 - Moge.ui.main_window - INFO - 图片保存成功：E:/PyQt5_demo/Moge/输出.png (main_window.py:181)
2025-02-07 23:37:11 - Moge - INFO - 应用程序退出，代码: 0 (main.py:31)
2025-02-07 23:37:17 - Moge - INFO - ====== 应用程序启动 ====== (main.py:16)
2025-02-07 23:37:17 - Moge.ui.main_window - INFO - 主窗口初始化完成 (main_window.py:32)
2025-02-07 23:37:17 - Moge - INFO - 主窗口初始化完成 (main.py:27)
2025-02-07 23:37:18 - Moge.ui.main_window - INFO - 开始打开图片流程 (main_window.py:124)
2025-02-07 23:37:23 - Moge.ui.main_window - INFO - 画布已更新显示 248x298 图像 (main_window.py:224)
2025-02-07 23:37:24 - Moge.ui.main_window - INFO - 开始图像处理流程 (main_window.py:232)
2025-02-07 23:37:24 - Moge.ui.main_window - INFO - 处理参数：{'block_size': 4, 'resize_method': '向上取整', 'pixel_method': '频数值', 'n_clusters': 16, 'seed': 42} (main_window.py:248)
2025-02-07 23:37:24 - Moge.ui.main_window - INFO - 缩放后图像尺寸：(298, 248, 3) (main_window.py:261)
2025-02-07 23:37:24 - Moge.ui.main_window - INFO - 颜色聚类完成，最终图像尺寸：(298, 248, 3) (main_window.py:279)
2025-02-07 23:37:24 - Moge.ui.main_window - INFO - 画布已更新显示 248x298 图像 (main_window.py:224)
2025-02-07 23:37:24 - Moge.ui.main_window - INFO - 图像处理流程完成 (main_window.py:284)
2025-02-07 23:37:25 - Moge.ui.main_window - INFO - 开始打开图片流程 (main_window.py:124)
2025-02-07 23:37:35 - Moge.ui.main_window - CRITICAL - 打开图片过程中发生未处理异常 (main_window.py:146)
Traceback (most recent call last):
  File "E:\PyQt5_demo\Moge\ui\main_window.py", line 139, in open_image
    ptr.setsize(qimg.byteCount())  # 设置图像数据指针大小
AttributeError: 'NoneType' object has no attribute 'setsize'
2025-02-07 23:37:37 - Moge.ui.main_window - INFO - 开始保存图片流程 (main_window.py:151)
2025-02-07 23:37:43 - Moge.ui.main_window - INFO - 用户选择保存路径：E:/PyQt5_demo/Moge/输出1；.png | 格式：PNG文件 (*.png) (main_window.py:169)
2025-02-07 23:37:43 - Moge.ui.main_window - ERROR - 图片保存失败：E:\PyQt5_demo\Moge\输出1；.png (main_window.py:188)
2025-02-07 23:37:55 - Moge.ui.main_window - INFO - 开始图像处理流程 (main_window.py:232)
2025-02-07 23:37:55 - Moge.ui.main_window - INFO - 处理参数：{'block_size': 4, 'resize_method': '向上取整', 'pixel_method': '频数值', 'n_clusters': 16, 'seed': 42} (main_window.py:248)
2025-02-07 23:37:55 - Moge.ui.main_window - INFO - 缩放后图像尺寸：(298, 248, 3) (main_window.py:261)
2025-02-07 23:37:55 - Moge.ui.main_window - INFO - 颜色聚类完成，最终图像尺寸：(298, 248, 3) (main_window.py:279)
2025-02-07 23:37:55 - Moge.ui.main_window - INFO - 画布已更新显示 248x298 图像 (main_window.py:224)
2025-02-07 23:37:55 - Moge.ui.main_window - INFO - 图像处理流程完成 (main_window.py:284)
2025-02-07 23:37:56 - Moge.ui.main_window - INFO - 开始保存图片流程 (main_window.py:151)
2025-02-07 23:38:01 - Moge.ui.main_window - INFO - 用户选择保存路径：E:/PyQt5_demo/Moge/1.png | 格式：PNG文件 (*.png) (main_window.py:169)
2025-02-07 23:38:01 - Moge.ui.main_window - INFO - 图片保存成功：E:\PyQt5_demo\Moge\1.png (main_window.py:185)
2025-02-07 23:38:03 - Moge.ui.main_window - INFO - 开始图像处理流程 (main_window.py:232)
2025-02-07 23:38:03 - Moge.ui.main_window - INFO - 处理参数：{'block_size': 4, 'resize_method': '向上取整', 'pixel_method': '频数值', 'n_clusters': 16, 'seed': 42} (main_window.py:248)
2025-02-07 23:38:03 - Moge.ui.main_window - INFO - 缩放后图像尺寸：(298, 248, 3) (main_window.py:261)
2025-02-07 23:38:04 - Moge.ui.main_window - INFO - 颜色聚类完成，最终图像尺寸：(298, 248, 3) (main_window.py:279)
2025-02-07 23:38:04 - Moge.ui.main_window - INFO - 画布已更新显示 248x298 图像 (main_window.py:224)
2025-02-07 23:38:04 - Moge.ui.main_window - INFO - 图像处理流程完成 (main_window.py:284)
2025-02-07 23:38:05 - Moge.ui.main_window - INFO - 开始保存图片流程 (main_window.py:151)
2025-02-07 23:38:09 - Moge.ui.main_window - INFO - 用户选择保存路径：E:/PyQt5_demo/Moge/输出.png | 格式：PNG文件 (*.png) (main_window.py:169)
2025-02-07 23:38:09 - Moge.ui.main_window - INFO - 图片保存成功：E:\PyQt5_demo\Moge\输出.png (main_window.py:185)
2025-02-07 23:38:18 - Moge.ui.main_window - INFO - 开始保存图片流程 (main_window.py:151)
2025-02-07 23:38:22 - Moge.ui.main_window - INFO - 用户选择保存路径：E:/PyQt5_demo/Moge/测试.png | 格式：PNG文件 (*.png) (main_window.py:169)
2025-02-07 23:38:22 - Moge.ui.main_window - INFO - 图片保存成功：E:\PyQt5_demo\Moge\测试.png (main_window.py:185)
2025-02-07 23:38:28 - Moge.ui.main_window - INFO - 开始保存图片流程 (main_window.py:151)
2025-02-07 23:38:31 - Moge.ui.main_window - INFO - 用户选择保存路径：E:/PyQt5_demo/Moge/输出1.png | 格式：PNG文件 (*.png) (main_window.py:169)
2025-02-07 23:38:31 - Moge.ui.main_window - INFO - 图片保存成功：E:\PyQt5_demo\Moge\输出1.png (main_window.py:185)
2025-02-07 23:42:12 - Moge - INFO - 应用程序退出，代码: 0 (main.py:31)
2025-02-07 23:42:25 - Moge - INFO - ====== 应用程序启动 ====== (main.py:16)
2025-02-07 23:42:25 - Moge.ui.main_window - INFO - 主窗口初始化完成 (main_window.py:33)
2025-02-07 23:42:25 - Moge - INFO - 主窗口初始化完成 (main.py:27)
2025-02-07 23:42:27 - Moge.ui.main_window - INFO - 开始打开图片流程 (main_window.py:125)
2025-02-07 23:42:30 - Moge.ui.main_window - INFO - 画布已更新显示 248x298 图像 (main_window.py:229)
2025-02-07 23:42:31 - Moge.ui.main_window - INFO - 开始图像处理流程 (main_window.py:237)
2025-02-07 23:42:31 - Moge.ui.main_window - INFO - 处理参数：{'block_size': 4, 'resize_method': '向上取整', 'pixel_method': '平均值', 'n_clusters': 16, 'seed': 42} (main_window.py:253)
2025-02-07 23:42:31 - Moge.ui.main_window - INFO - 缩放后图像尺寸：(298, 248, 3) (main_window.py:266)
2025-02-07 23:42:31 - Moge.ui.main_window - INFO - 颜色聚类完成，最终图像尺寸：(298, 248, 3) (main_window.py:284)
2025-02-07 23:42:31 - Moge.ui.main_window - INFO - 画布已更新显示 248x298 图像 (main_window.py:229)
2025-02-07 23:42:31 - Moge.ui.main_window - INFO - 图像处理流程完成 (main_window.py:289)
2025-02-07 23:42:32 - Moge.ui.main_window - INFO - 开始保存图片流程 (main_window.py:152)
2025-02-07 23:42:36 - Moge.ui.main_window - INFO - 用户选择保存路径：E:/PyQt5_demo/Moge/输出.png | 格式：PNG文件 (*.png) (main_window.py:170)
2025-02-07 23:42:36 - Moge.ui.main_window - INFO - 图片保存成功：E:/PyQt5_demo/Moge/输出.png (main_window.py:190)
2025-02-07 23:44:13 - Moge.ui.main_window - INFO - 开始保存图片流程 (main_window.py:152)
2025-02-07 23:44:28 - Moge.ui.main_window - INFO - 用户选择保存路径：E:/PyQt5_demo/Moge/测试输出.png | 格式：PNG文件 (*.png) (main_window.py:170)
2025-02-07 23:44:28 - Moge.ui.main_window - INFO - 图片保存成功：E:/PyQt5_demo/Moge/测试输出.png (main_window.py:190)
2025-02-07 23:45:08 - Moge - INFO - 应用程序退出，代码: 0 (main.py:31)
2025-02-07 23:45:20 - Moge - INFO - ====== 应用程序启动 ====== (main.py:16)
2025-02-07 23:45:20 - Moge - INFO - ====== 应用程序启动 ====== (main.py:16)
2025-02-07 23:45:21 - Moge.ui.main_window - INFO - 主窗口初始化完成 (main_window.py:32)
2025-02-07 23:45:21 - Moge - INFO - 主窗口初始化完成 (main.py:27)
2025-02-07 23:45:21 - Moge - INFO - 主窗口初始化完成 (main.py:27)
2025-02-07 23:45:22 - Moge.ui.main_window - INFO - 开始打开图片流程 (main_window.py:124)
2025-02-07 23:45:27 - Moge.ui.main_window - INFO - 画布已更新显示 248x298 图像 (main_window.py:232)
2025-02-07 23:45:28 - Moge.ui.main_window - INFO - 开始图像处理流程 (main_window.py:240)
2025-02-07 23:45:28 - Moge.ui.main_window - INFO - 处理参数：{'block_size': 4, 'resize_method': '向上取整', 'pixel_method': '平均值', 'n_clusters': 16, 'seed': 42} (main_window.py:256)
2025-02-07 23:45:28 - Moge.ui.main_window - INFO - 缩放后图像尺寸：(298, 248, 3) (main_window.py:269)
2025-02-07 23:45:29 - Moge.ui.main_window - INFO - 颜色聚类完成，最终图像尺寸：(298, 248, 3) (main_window.py:287)
2025-02-07 23:45:29 - Moge.ui.main_window - INFO - 画布已更新显示 248x298 图像 (main_window.py:232)
2025-02-07 23:45:29 - Moge.ui.main_window - INFO - 图像处理流程完成 (main_window.py:292)
2025-02-07 23:45:29 - Moge.ui.main_window - INFO - 开始保存图片流程 (main_window.py:151)
2025-02-07 23:45:40 - Moge.ui.main_window - INFO - 用户选择保存路径：E:/PyQt5_demo/Moge/测试输出1.png | 格式：PNG文件 (*.png) (main_window.py:169)
2025-02-07 23:45:49 - Moge - INFO - 应用程序退出，代码: 0 (main.py:31)
2025-02-07 23:45:50 - Moge - INFO - 应用程序退出，代码: 0 (main.py:31)
2025-02-07 23:48:46 - Moge - INFO - ====== 应用程序启动 ====== (main.py:16)
2025-02-07 23:48:46 - Moge.ui.main_window - INFO - 主窗口初始化完成 (main_window.py:32)
2025-02-07 23:48:47 - Moge - INFO - 主窗口初始化完成 (main.py:27)
2025-02-07 23:48:48 - Moge.ui.main_window - INFO - 开始打开图片流程 (main_window.py:124)
2025-02-07 23:48:52 - Moge.ui.main_window - INFO - 画布已更新显示 248x298 图像 (main_window.py:238)
2025-02-07 23:48:54 - Moge.ui.main_window - INFO - 开始保存图片流程 (main_window.py:151)
2025-02-07 23:48:54 - Moge.ui.main_window - WARNING - 尝试保存空图像 (main_window.py:156)
2025-02-07 23:48:56 - Moge.ui.main_window - INFO - 开始图像处理流程 (main_window.py:246)
2025-02-07 23:48:56 - Moge.ui.main_window - INFO - 处理参数：{'block_size': 4, 'resize_method': '向上取整', 'pixel_method': '平均值', 'n_clusters': 16, 'seed': 42} (main_window.py:262)
2025-02-07 23:48:56 - Moge.ui.main_window - INFO - 缩放后图像尺寸：(298, 248, 3) (main_window.py:275)
2025-02-07 23:48:56 - Moge.ui.main_window - INFO - 颜色聚类完成，最终图像尺寸：(298, 248, 3) (main_window.py:293)
2025-02-07 23:48:56 - Moge.ui.main_window - INFO - 画布已更新显示 248x298 图像 (main_window.py:238)
2025-02-07 23:48:56 - Moge.ui.main_window - INFO - 图像处理流程完成 (main_window.py:298)
2025-02-07 23:48:57 - Moge.ui.main_window - INFO - 开始保存图片流程 (main_window.py:151)
2025-02-07 23:49:03 - Moge.ui.main_window - INFO - 用户选择保存路径：E:/PyQt5_demo/Moge/输出.png | 格式：PNG文件 (*.png) (main_window.py:169)
2025-02-07 23:50:51 - Moge - INFO - 应用程序退出，代码: 0 (main.py:31)
2025-02-07 23:50:57 - Moge - INFO - ====== 应用程序启动 ====== (main.py:16)
2025-02-07 23:50:57 - Moge.ui.main_window - INFO - 主窗口初始化完成 (main_window.py:32)
2025-02-07 23:50:58 - Moge - INFO - 主窗口初始化完成 (main.py:27)
2025-02-07 23:50:59 - Moge.ui.main_window - INFO - 开始打开图片流程 (main_window.py:124)
2025-02-07 23:51:01 - Moge.ui.main_window - INFO - 画布已更新显示 248x298 图像 (main_window.py:239)
2025-02-07 23:51:02 - Moge.ui.main_window - INFO - 开始保存图片流程 (main_window.py:151)
2025-02-07 23:51:02 - Moge.ui.main_window - WARNING - 尝试保存空图像 (main_window.py:156)
2025-02-07 23:51:03 - Moge.ui.main_window - INFO - 开始图像处理流程 (main_window.py:247)
2025-02-07 23:51:03 - Moge.ui.main_window - INFO - 处理参数：{'block_size': 4, 'resize_method': '向上取整', 'pixel_method': '平均值', 'n_clusters': 16, 'seed': 42} (main_window.py:263)
2025-02-07 23:51:03 - Moge.ui.main_window - INFO - 缩放后图像尺寸：(298, 248, 3) (main_window.py:276)
2025-02-07 23:51:04 - Moge.ui.main_window - INFO - 颜色聚类完成，最终图像尺寸：(298, 248, 3) (main_window.py:294)
2025-02-07 23:51:04 - Moge.ui.main_window - INFO - 画布已更新显示 248x298 图像 (main_window.py:239)
2025-02-07 23:51:04 - Moge.ui.main_window - INFO - 图像处理流程完成 (main_window.py:299)
2025-02-07 23:51:05 - Moge.ui.main_window - INFO - 开始保存图片流程 (main_window.py:151)
2025-02-07 23:51:12 - Moge.ui.main_window - INFO - 用户选择保存路径：E:/PyQt5_demo/Moge/测试2.png | 格式：PNG文件 (*.png) (main_window.py:169)
2025-02-07 23:52:52 - Moge - INFO - ====== 应用程序启动 ====== (main.py:16)
2025-02-07 23:52:56 - Moge - INFO - ====== 应用程序启动 ====== (main.py:16)
2025-02-07 23:52:56 - Moge.ui.main_window - INFO - 主窗口初始化完成 (main_window.py:32)
2025-02-07 23:52:56 - Moge - INFO - 主窗口初始化完成 (main.py:27)
2025-02-07 23:52:59 - Moge.ui.main_window - INFO - 开始打开图片流程 (main_window.py:124)
2025-02-07 23:53:03 - Moge.ui.main_window - INFO - 画布已更新显示 248x298 图像 (main_window.py:240)
2025-02-07 23:53:04 - Moge.ui.main_window - INFO - 开始图像处理流程 (main_window.py:248)
2025-02-07 23:53:04 - Moge.ui.main_window - INFO - 处理参数：{'block_size': 4, 'resize_method': '向上取整', 'pixel_method': '平均值', 'n_clusters': 16, 'seed': 42} (main_window.py:264)
2025-02-07 23:53:04 - Moge.ui.main_window - INFO - 缩放后图像尺寸：(298, 248, 3) (main_window.py:277)
2025-02-07 23:53:04 - Moge.ui.main_window - INFO - 颜色聚类完成，最终图像尺寸：(298, 248, 3) (main_window.py:295)
2025-02-07 23:53:04 - Moge.ui.main_window - INFO - 画布已更新显示 248x298 图像 (main_window.py:240)
2025-02-07 23:53:04 - Moge.ui.main_window - INFO - 图像处理流程完成 (main_window.py:300)
2025-02-07 23:53:05 - Moge.ui.main_window - INFO - 开始保存图片流程 (main_window.py:151)
2025-02-07 23:53:09 - Moge.ui.main_window - INFO - 用户选择保存路径：E:/PyQt5_demo/Moge/输出.png | 格式：PNG文件 (*.png) (main_window.py:169)
2025-02-07 23:53:30 - Moge - INFO - 应用程序退出，代码: 0 (main.py:31)
2025-02-07 23:54:29 - Moge - INFO - ====== 应用程序启动 ====== (main.py:16)
2025-02-07 23:54:29 - Moge.ui.main_window - INFO - 主窗口初始化完成 (main_window.py:32)
2025-02-07 23:54:29 - Moge - INFO - 主窗口初始化完成 (main.py:27)
2025-02-07 23:54:31 - Moge.ui.main_window - INFO - 开始打开图片流程 (main_window.py:124)
2025-02-07 23:54:35 - Moge.ui.main_window - INFO - 画布已更新显示 248x298 图像 (main_window.py:215)
2025-02-07 23:54:37 - Moge.ui.main_window - INFO - 开始图像处理流程 (main_window.py:223)
2025-02-07 23:54:37 - Moge.ui.main_window - INFO - 处理参数：{'block_size': 4, 'resize_method': '向上取整', 'pixel_method': '频数值', 'n_clusters': 16, 'seed': 42} (main_window.py:239)
2025-02-07 23:54:37 - Moge.ui.main_window - INFO - 缩放后图像尺寸：(298, 248, 3) (main_window.py:252)
2025-02-07 23:54:37 - Moge.ui.main_window - INFO - 颜色聚类完成，最终图像尺寸：(298, 248, 3) (main_window.py:270)
2025-02-07 23:54:37 - Moge.ui.main_window - INFO - 画布已更新显示 248x298 图像 (main_window.py:215)
2025-02-07 23:54:37 - Moge.ui.main_window - INFO - 图像处理流程完成 (main_window.py:275)
2025-02-07 23:54:40 - Moge.ui.main_window - INFO - 开始保存图片流程 (main_window.py:151)
2025-02-07 23:54:53 - Moge.ui.main_window - INFO - 用户选择保存路径：E:/PyQt5_demo/Moge/测试2.png | 格式：PNG文件 (*.png) (main_window.py:169)
2025-02-07 23:54:53 - Moge.ui.main_window - ERROR - 图片保存失败：E:/PyQt5_demo/Moge/测试2.png (main_window.py:179)
2025-02-07 23:54:57 - Moge.ui.main_window - INFO - 开始保存图片流程 (main_window.py:151)
2025-02-07 23:55:04 - Moge.ui.main_window - INFO - 用户选择保存路径：E:/PyQt5_demo/Moge/测试2.jpg | 格式：JPEG文件 (*.jpg) (main_window.py:169)
2025-02-07 23:55:04 - Moge.ui.main_window - ERROR - 图片保存失败：E:/PyQt5_demo/Moge/测试2.jpg (main_window.py:179)
2025-02-07 23:55:08 - Moge - INFO - 应用程序退出，代码: 0 (main.py:31)
2025-02-07 23:55:46 - Moge - INFO - ====== 应用程序启动 ====== (main.py:16)
2025-02-07 23:55:46 - Moge.ui.main_window - INFO - 主窗口初始化完成 (main_window.py:32)
2025-02-07 23:55:46 - Moge - INFO - 主窗口初始化完成 (main.py:27)
2025-02-07 23:55:48 - Moge.ui.main_window - INFO - 开始打开图片流程 (main_window.py:124)
2025-02-07 23:55:58 - Moge.ui.main_window - INFO - 画布已更新显示 248x298 图像 (main_window.py:215)
2025-02-07 23:56:01 - Moge.ui.main_window - INFO - 开始图像处理流程 (main_window.py:223)
2025-02-07 23:56:01 - Moge.ui.main_window - INFO - 处理参数：{'block_size': 4, 'resize_method': '向上取整', 'pixel_method': '平均值', 'n_clusters': 16, 'seed': 42} (main_window.py:239)
2025-02-07 23:56:01 - Moge.ui.main_window - INFO - 缩放后图像尺寸：(298, 248, 3) (main_window.py:252)
2025-02-07 23:56:01 - Moge.ui.main_window - INFO - 颜色聚类完成，最终图像尺寸：(298, 248, 3) (main_window.py:270)
2025-02-07 23:56:01 - Moge.ui.main_window - INFO - 画布已更新显示 248x298 图像 (main_window.py:215)
2025-02-07 23:56:01 - Moge.ui.main_window - INFO - 图像处理流程完成 (main_window.py:275)
2025-02-07 23:56:01 - Moge.ui.main_window - INFO - 开始保存图片流程 (main_window.py:151)
2025-02-07 23:56:06 - Moge.ui.main_window - INFO - 用户选择保存路径：E:/PyQt5_demo/Moge/测试3.png | 格式：PNG文件 (*.png) (main_window.py:169)
2025-02-07 23:56:46 - Moge.ui.main_window - INFO - 开始图像处理流程 (main_window.py:223)
2025-02-07 23:56:46 - Moge.ui.main_window - INFO - 处理参数：{'block_size': 4, 'resize_method': '向上取整', 'pixel_method': '频数值', 'n_clusters': 16, 'seed': 42} (main_window.py:239)
2025-02-07 23:56:46 - Moge.ui.main_window - INFO - 缩放后图像尺寸：(298, 248, 3) (main_window.py:252)
2025-02-07 23:56:46 - Moge.ui.main_window - INFO - 颜色聚类完成，最终图像尺寸：(298, 248, 3) (main_window.py:270)
2025-02-07 23:56:46 - Moge.ui.main_window - INFO - 画布已更新显示 248x298 图像 (main_window.py:215)
2025-02-07 23:56:46 - Moge.ui.main_window - INFO - 图像处理流程完成 (main_window.py:275)
2025-02-07 23:56:46 - Moge.ui.main_window - INFO - 开始图像处理流程 (main_window.py:223)
2025-02-07 23:56:46 - Moge.ui.main_window - INFO - 处理参数：{'block_size': 4, 'resize_method': '向上取整', 'pixel_method': '频数值', 'n_clusters': 16, 'seed': 42} (main_window.py:239)
2025-02-07 23:56:46 - Moge.ui.main_window - INFO - 缩放后图像尺寸：(298, 248, 3) (main_window.py:252)
2025-02-07 23:56:46 - Moge.ui.main_window - INFO - 颜色聚类完成，最终图像尺寸：(298, 248, 3) (main_window.py:270)
2025-02-07 23:56:46 - Moge.ui.main_window - INFO - 画布已更新显示 248x298 图像 (main_window.py:215)
2025-02-07 23:56:46 - Moge.ui.main_window - INFO - 图像处理流程完成 (main_window.py:275)
2025-02-07 23:56:47 - Moge.ui.main_window - INFO - 开始保存图片流程 (main_window.py:151)
2025-02-07 23:56:54 - Moge.ui.main_window - INFO - 用户选择保存路径：E:/PyQt5_demo/Moge/输出3.jpg | 格式：JPEG文件 (*.jpg) (main_window.py:169)
2025-02-07 23:56:56 - Moge - INFO - 应用程序退出，代码: 0 (main.py:31)
2025-02-07 23:57:23 - Moge - INFO - ====== 应用程序启动 ====== (main.py:16)
2025-02-07 23:57:24 - Moge.ui.main_window - INFO - 主窗口初始化完成 (main_window.py:32)
2025-02-07 23:57:24 - Moge - INFO - 主窗口初始化完成 (main.py:27)
2025-02-07 23:57:25 - Moge.ui.main_window - INFO - 开始打开图片流程 (main_window.py:124)
2025-02-07 23:57:28 - Moge.ui.main_window - INFO - 画布已更新显示 248x298 图像 (main_window.py:215)
2025-02-07 23:57:29 - Moge.ui.main_window - INFO - 开始图像处理流程 (main_window.py:223)
2025-02-07 23:57:29 - Moge.ui.main_window - INFO - 处理参数：{'block_size': 4, 'resize_method': '向上取整', 'pixel_method': '平均值', 'n_clusters': 16, 'seed': 42} (main_window.py:239)
2025-02-07 23:57:29 - Moge.ui.main_window - INFO - 缩放后图像尺寸：(298, 248, 3) (main_window.py:252)
2025-02-07 23:57:29 - Moge.ui.main_window - INFO - 颜色聚类完成，最终图像尺寸：(298, 248, 3) (main_window.py:270)
2025-02-07 23:57:29 - Moge.ui.main_window - INFO - 画布已更新显示 248x298 图像 (main_window.py:215)
2025-02-07 23:57:29 - Moge.ui.main_window - INFO - 图像处理流程完成 (main_window.py:275)
2025-02-07 23:57:30 - Moge.ui.main_window - INFO - 开始保存图片流程 (main_window.py:151)
2025-02-07 23:57:33 - Moge.ui.main_window - INFO - 用户选择保存路径：E:/PyQt5_demo/Moge/测试4.png | 格式：PNG文件 (*.png) (main_window.py:169)
2025-02-07 23:57:33 - Moge.ui.main_window - ERROR - 图片保存失败：E:/PyQt5_demo/Moge/测试4.png (main_window.py:179)
2025-02-07 23:57:40 - Moge - INFO - 应用程序退出，代码: 0 (main.py:31)
2025-02-07 23:58:24 - Moge - INFO - ====== 应用程序启动 ====== (main.py:16)
2025-02-07 23:58:24 - Moge.ui.main_window - INFO - 主窗口初始化完成 (main_window.py:32)
2025-02-07 23:58:24 - Moge - INFO - 主窗口初始化完成 (main.py:27)
2025-02-07 23:58:25 - Moge.ui.main_window - INFO - 开始打开图片流程 (main_window.py:124)
2025-02-07 23:58:30 - Moge.ui.main_window - INFO - 画布已更新显示 248x298 图像 (main_window.py:215)
2025-02-07 23:58:31 - Moge.ui.main_window - INFO - 开始图像处理流程 (main_window.py:223)
2025-02-07 23:58:31 - Moge.ui.main_window - INFO - 处理参数：{'block_size': 4, 'resize_method': '向上取整', 'pixel_method': '平均值', 'n_clusters': 16, 'seed': 42} (main_window.py:239)
2025-02-07 23:58:31 - Moge.ui.main_window - INFO - 缩放后图像尺寸：(298, 248, 3) (main_window.py:252)
2025-02-07 23:58:31 - Moge.ui.main_window - INFO - 颜色聚类完成，最终图像尺寸：(298, 248, 3) (main_window.py:270)
2025-02-07 23:58:31 - Moge.ui.main_window - INFO - 画布已更新显示 248x298 图像 (main_window.py:215)
2025-02-07 23:58:31 - Moge.ui.main_window - INFO - 图像处理流程完成 (main_window.py:275)
2025-02-07 23:58:32 - Moge.ui.main_window - INFO - 开始保存图片流程 (main_window.py:151)
2025-02-07 23:58:35 - Moge.ui.main_window - INFO - 用户选择保存路径：E:/PyQt5_demo/Moge/测试5.png | 格式：PNG文件 (*.png) (main_window.py:169)
2025-02-07 23:58:35 - Moge.ui.main_window - CRITICAL - 保存图片过程中发生未处理异常 (main_window.py:186)
Traceback (most recent call last):
  File "E:\PyQt5_demo\Moge\ui\main_window.py", line 173, in save_image
    success, _ = cv2.imencode('.jpg', save_img)[1].tofile(path)
TypeError: cannot unpack non-iterable NoneType object
2025-02-07 23:58:47 - Moge - INFO - 应用程序退出，代码: 0 (main.py:31)
2025-02-08 00:06:57 - Moge - INFO - ====== 应用程序启动 ====== (main.py:16)
2025-02-08 00:06:57 - Moge.ui.main_window - INFO - 主窗口初始化完成 (main_window.py:31)
2025-02-08 00:06:57 - Moge - INFO - 主窗口初始化完成 (main.py:27)
2025-02-08 00:06:58 - Moge.ui.main_window - INFO - 开始打开图片流程 (main_window.py:123)
2025-02-08 00:07:08 - Moge.ui.main_window - INFO - 画布已更新显示 1000x1000 图像 (main_window.py:217)
2025-02-08 00:07:10 - Moge.ui.main_window - INFO - 开始图像处理流程 (main_window.py:225)
2025-02-08 00:07:10 - Moge.ui.main_window - INFO - 处理参数：{'block_size': 4, 'resize_method': '向上取整', 'pixel_method': '频数值', 'n_clusters': 16, 'seed': 42} (main_window.py:241)
2025-02-08 00:07:10 - Moge.ui.main_window - INFO - 缩放后图像尺寸：(1000, 1000, 3) (main_window.py:254)
2025-02-08 00:07:13 - Moge.ui.main_window - INFO - 颜色聚类完成，最终图像尺寸：(1000, 1000, 3) (main_window.py:272)
2025-02-08 00:07:13 - Moge.ui.main_window - INFO - 画布已更新显示 1000x1000 图像 (main_window.py:217)
2025-02-08 00:07:13 - Moge.ui.main_window - INFO - 图像处理流程完成 (main_window.py:277)
2025-02-08 00:07:18 - Moge.ui.main_window - INFO - 开始保存图片流程 (main_window.py:150)
2025-02-08 00:07:28 - Moge.ui.main_window - INFO - 开始保存图片流程 (main_window.py:150)
2025-02-08 00:07:45 - Moge.ui.main_window - INFO - 开始保存图片流程 (main_window.py:150)
2025-02-08 00:08:10 - Moge.ui.main_window - INFO - 用户选择保存路径：E:/PyQt5_demo/Moge/project/输出.png | 格式：PNG文件 (*.png) (main_window.py:175)
2025-02-08 00:08:10 - Moge.ui.main_window - INFO - 图片保存成功：E:/PyQt5_demo/Moge/project/输出.png (main_window.py:181)
2025-02-08 00:08:28 - Moge.ui.main_window - INFO - 开始保存图片流程 (main_window.py:150)
2025-02-08 00:08:31 - Moge - INFO - 应用程序退出，代码: 0 (main.py:31)
2025-02-08 00:08:38 - Moge - INFO - ====== 应用程序启动 ====== (main.py:16)
2025-02-08 00:08:38 - Moge.ui.main_window - INFO - 主窗口初始化完成 (main_window.py:31)
2025-02-08 00:08:39 - Moge - INFO - 主窗口初始化完成 (main.py:27)
2025-02-08 00:08:40 - Moge.ui.main_window - INFO - 开始保存图片流程 (main_window.py:150)
2025-02-08 00:08:40 - Moge.ui.main_window - WARNING - 尝试保存空图像 (main_window.py:155)
2025-02-08 00:08:43 - Moge.ui.main_window - INFO - 开始打开图片流程 (main_window.py:123)
2025-02-08 00:08:48 - Moge.ui.main_window - INFO - 画布已更新显示 1000x1000 图像 (main_window.py:217)
2025-02-08 00:08:48 - Moge.ui.main_window - INFO - 开始保存图片流程 (main_window.py:150)
2025-02-08 00:08:48 - Moge.ui.main_window - WARNING - 尝试保存空图像 (main_window.py:155)
2025-02-08 00:08:50 - Moge.ui.main_window - INFO - 开始图像处理流程 (main_window.py:225)
2025-02-08 00:08:50 - Moge.ui.main_window - INFO - 处理参数：{'block_size': 4, 'resize_method': '向上取整', 'pixel_method': '平均值', 'n_clusters': 16, 'seed': 42} (main_window.py:241)
2025-02-08 00:08:50 - Moge.ui.main_window - INFO - 缩放后图像尺寸：(1000, 1000, 3) (main_window.py:254)
2025-02-08 00:08:52 - Moge.ui.main_window - INFO - 颜色聚类完成，最终图像尺寸：(1000, 1000, 3) (main_window.py:272)
2025-02-08 00:08:52 - Moge.ui.main_window - INFO - 画布已更新显示 1000x1000 图像 (main_window.py:217)
2025-02-08 00:08:52 - Moge.ui.main_window - INFO - 图像处理流程完成 (main_window.py:277)
2025-02-08 00:08:57 - Moge.ui.main_window - INFO - 开始保存图片流程 (main_window.py:150)
2025-02-08 00:09:22 - Moge - INFO - 应用程序退出，代码: 0 (main.py:31)
2025-02-08 00:17:29 - Moge - INFO - ====== 应用程序启动 ====== (main.py:29)
2025-02-08 00:17:29 - Moge - INFO - ====== 应用程序启动 ====== (main.py:29)
2025-02-08 00:17:31 - Moge - INFO - ====== 应用程序启动 ====== (main.py:29)
2025-02-08 00:17:46 - Moge - INFO - ====== 应用程序启动 ====== (main.py:29)
2025-02-08 00:18:57 - Moge - INFO - ====== 应用程序启动 ====== (main.py:27)
2025-02-08 00:19:18 - Moge - INFO - ====== 应用程序启动 ====== (main.py:27)
2025-02-08 00:19:18 - Moge - INFO - ====== 应用程序启动 ====== (main.py:27)
2025-02-08 00:20:50 - Moge - INFO - ====== 应用程序启动 ====== (main.py:27)
2025-02-08 00:21:04 - Moge - INFO - ====== 应用程序启动 ====== (main.py:27)
2025-02-08 00:21:04 - Moge.ui.main_window - INFO - 主窗口初始化完成 (main_window.py:31)
2025-02-08 00:21:04 - Moge - INFO - 主窗口初始化完成 (main.py:44)
2025-02-08 00:21:06 - Moge.ui.main_window - INFO - 开始打开图片流程 (main_window.py:123)
2025-02-08 00:21:08 - Moge.ui.main_window - CRITICAL - 打开图片过程中发生未处理异常 (main_window.py:141)
Traceback (most recent call last):
  File "E:\PyQt5_demo\Moge\ui\main_window.py", line 134, in open_image
    ptr.setsize(qimg.byteCount())  # 设置图像数据指针大小
AttributeError: 'NoneType' object has no attribute 'setsize'
2025-02-08 00:21:11 - Moge.ui.main_window - INFO - 开始打开图片流程 (main_window.py:123)
2025-02-08 00:21:13 - Moge.ui.main_window - CRITICAL - 打开图片过程中发生未处理异常 (main_window.py:141)
Traceback (most recent call last):
  File "E:\PyQt5_demo\Moge\ui\main_window.py", line 134, in open_image
    ptr.setsize(qimg.byteCount())  # 设置图像数据指针大小
AttributeError: 'NoneType' object has no attribute 'setsize'
2025-02-08 00:21:24 - Moge.ui.main_window - INFO - 开始打开图片流程 (main_window.py:123)
2025-02-08 00:21:25 - Moge.ui.main_window - CRITICAL - 打开图片过程中发生未处理异常 (main_window.py:141)
Traceback (most recent call last):
  File "E:\PyQt5_demo\Moge\ui\main_window.py", line 134, in open_image
    ptr.setsize(qimg.byteCount())  # 设置图像数据指针大小
AttributeError: 'NoneType' object has no attribute 'setsize'
2025-02-08 00:21:36 - Moge - INFO - ====== 应用程序启动 ====== (main.py:27)
2025-02-08 00:21:36 - Moge - INFO - ====== 应用程序启动 ====== (main.py:27)
2025-02-08 00:21:37 - Moge.ui.main_window - INFO - 主窗口初始化完成 (main_window.py:31)
2025-02-08 00:21:37 - Moge - INFO - 主窗口初始化完成 (main.py:44)
2025-02-08 00:21:37 - Moge - INFO - 主窗口初始化完成 (main.py:44)
2025-02-08 00:21:44 - Moge - INFO - 应用程序退出，代码: 0 (main.py:48)
2025-02-08 00:21:44 - Moge - INFO - 应用程序退出，代码: 0 (main.py:48)
2025-02-08 00:22:25 - Moge - INFO - ====== 应用程序启动 ====== (main.py:27)
2025-02-08 00:22:26 - Moge.ui.main_window - INFO - 主窗口初始化完成 (main_window.py:31)
2025-02-08 00:22:26 - Moge - INFO - 主窗口初始化完成 (main.py:44)
2025-02-08 00:22:30 - Moge - INFO - ====== 应用程序启动 ====== (main.py:27)
2025-02-08 00:22:30 - Moge - INFO - ====== 应用程序启动 ====== (main.py:27)
2025-02-08 00:22:30 - Moge.ui.main_window - INFO - 主窗口初始化完成 (main_window.py:31)
2025-02-08 00:22:30 - Moge.ui.main_window - INFO - 主窗口初始化完成 (main_window.py:31)
2025-02-08 00:22:30 - Moge - INFO - 主窗口初始化完成 (main.py:44)
2025-02-08 00:22:31 - Moge - INFO - 主窗口初始化完成 (main.py:44)
2025-02-08 00:22:36 - Moge - INFO - 应用程序退出，代码: 0 (main.py:48)
2025-02-08 00:22:44 - Moge - INFO - ====== 应用程序启动 ====== (main.py:27)
2025-02-08 00:22:44 - Moge - INFO - ====== 应用程序启动 ====== (main.py:27)
2025-02-08 00:22:44 - Moge.ui.main_window - INFO - 主窗口初始化完成 (main_window.py:31)
2025-02-08 00:22:44 - Moge - INFO - 主窗口初始化完成 (main.py:44)
2025-02-08 00:22:44 - Moge.ui.main_window - INFO - 主窗口初始化完成 (main_window.py:31)
2025-02-08 00:22:45 - Moge - INFO - 主窗口初始化完成 (main.py:44)
2025-02-08 00:22:50 - Moge.ui.main_window - INFO - 开始打开图片流程 (main_window.py:123)
2025-02-08 00:22:53 - Moge.ui.main_window - INFO - 开始打开图片流程 (main_window.py:123)
2025-02-08 00:22:56 - Moge.ui.main_window - CRITICAL - 打开图片过程中发生未处理异常 (main_window.py:141)
Traceback (most recent call last):
  File "E:\PyQt5_demo\Moge\ui\main_window.py", line 134, in open_image
    ptr.setsize(qimg.byteCount())  # 设置图像数据指针大小
AttributeError: 'NoneType' object has no attribute 'setsize'
2025-02-08 00:22:58 - Moge - INFO - 应用程序退出，代码: 0 (main.py:48)
2025-02-08 00:22:59 - Moge.ui.main_window - CRITICAL - 打开图片过程中发生未处理异常 (main_window.py:141)
Traceback (most recent call last):
  File "E:\PyQt5_demo\Moge\ui\main_window.py", line 134, in open_image
    ptr.setsize(qimg.byteCount())  # 设置图像数据指针大小
AttributeError: 'NoneType' object has no attribute 'setsize'
2025-02-08 00:23:40 - Moge - INFO - ====== 应用程序启动 ====== (main.py:27)
2025-02-08 00:23:41 - Moge.ui.main_window - INFO - 主窗口初始化完成 (main_window.py:31)
2025-02-08 00:23:41 - Moge - INFO - 主窗口初始化完成 (main.py:44)
2025-02-08 00:23:53 - Moge.ui.main_window - INFO - 开始打开图片流程 (main_window.py:123)
2025-02-08 00:23:56 - Moge.ui.main_window - CRITICAL - 打开图片过程中发生未处理异常 (main_window.py:141)
Traceback (most recent call last):
  File "E:\PyQt5_demo\Moge\ui\main_window.py", line 134, in open_image
    ptr.setsize(qimg.byteCount())  # 设置图像数据指针大小
AttributeError: 'NoneType' object has no attribute 'setsize'
2025-02-08 00:24:11 - Moge.ui.main_window - INFO - 开始打开图片流程 (main_window.py:123)
2025-02-08 00:24:20 - Moge.ui.main_window - INFO - 画布已更新显示 1000x1000 图像 (main_window.py:206)
2025-02-08 00:24:24 - Moge.ui.main_window - INFO - 开始图像处理流程 (main_window.py:214)
2025-02-08 00:24:24 - Moge.ui.main_window - INFO - 处理参数：{'block_size': 8, 'resize_method': '向上取整', 'pixel_method': '平均值', 'n_clusters': 16, 'seed': 42} (main_window.py:230)
2025-02-08 00:24:24 - Moge.ui.main_window - INFO - 缩放后图像尺寸：(1000, 1000, 3) (main_window.py:243)
2025-02-08 00:24:25 - Moge.ui.main_window - INFO - 颜色聚类完成，最终图像尺寸：(1000, 1000, 3) (main_window.py:261)
2025-02-08 00:24:26 - Moge.ui.main_window - INFO - 画布已更新显示 1000x1000 图像 (main_window.py:206)
2025-02-08 00:24:26 - Moge.ui.main_window - INFO - 图像处理流程完成 (main_window.py:266)
2025-02-08 00:24:28 - Moge.ui.main_window - INFO - 开始保存图片流程 (main_window.py:146)
2025-02-08 00:24:33 - Moge.ui.main_window - INFO - 开始保存图片流程 (main_window.py:146)
2025-02-08 00:26:22 - Moge - INFO - 应用程序退出，代码: 0 (main.py:48)
2025-02-08 00:26:26 - Moge - INFO - ====== 应用程序启动 ====== (main.py:27)
2025-02-08 00:26:26 - Moge.ui.main_window - INFO - 主窗口初始化完成 (main_window.py:31)
2025-02-08 00:26:26 - Moge - INFO - 主窗口初始化完成 (main.py:44)
2025-02-08 00:26:28 - Moge.ui.main_window - INFO - 开始打开图片流程 (main_window.py:123)
2025-02-08 00:26:29 - Moge.ui.main_window - INFO - 用户取消了打开图片操作 (main_window.py:130)
2025-02-08 00:26:31 - Moge.ui.main_window - INFO - 开始打开图片流程 (main_window.py:123)
2025-02-08 00:26:38 - Moge.ui.main_window - INFO - 画布已更新显示 1000x1000 图像 (main_window.py:218)
2025-02-08 00:26:47 - Moge.ui.main_window - INFO - 开始图像处理流程 (main_window.py:226)
2025-02-08 00:26:47 - Moge.ui.main_window - INFO - 处理参数：{'block_size': 8, 'resize_method': '向上取整', 'pixel_method': '频数值', 'n_clusters': 16, 'seed': 42} (main_window.py:242)
2025-02-08 00:26:47 - Moge.ui.main_window - INFO - 缩放后图像尺寸：(1000, 1000, 3) (main_window.py:255)
2025-02-08 00:26:50 - Moge.ui.main_window - INFO - 颜色聚类完成，最终图像尺寸：(1000, 1000, 3) (main_window.py:273)
2025-02-08 00:26:50 - Moge.ui.main_window - INFO - 画布已更新显示 1000x1000 图像 (main_window.py:218)
2025-02-08 00:26:50 - Moge.ui.main_window - INFO - 图像处理流程完成 (main_window.py:278)
2025-02-08 00:27:19 - Moge.ui.main_window - INFO - 开始图像处理流程 (main_window.py:226)
2025-02-08 00:27:19 - Moge.ui.main_window - INFO - 处理参数：{'block_size': 8, 'resize_method': '向上取整', 'pixel_method': '频数值', 'n_clusters': 32, 'seed': 42} (main_window.py:242)
2025-02-08 00:27:19 - Moge.ui.main_window - INFO - 缩放后图像尺寸：(1000, 1000, 3) (main_window.py:255)
2025-02-08 00:27:23 - Moge.ui.main_window - INFO - 颜色聚类完成，最终图像尺寸：(1000, 1000, 3) (main_window.py:273)
2025-02-08 00:27:23 - Moge.ui.main_window - INFO - 画布已更新显示 1000x1000 图像 (main_window.py:218)
2025-02-08 00:27:23 - Moge.ui.main_window - INFO - 图像处理流程完成 (main_window.py:278)
2025-02-08 00:27:33 - Moge.ui.main_window - INFO - 开始图像处理流程 (main_window.py:226)
2025-02-08 00:27:33 - Moge.ui.main_window - INFO - 处理参数：{'block_size': 8, 'resize_method': '向上取整', 'pixel_method': '频数值', 'n_clusters': 64, 'seed': 42} (main_window.py:242)
2025-02-08 00:27:33 - Moge.ui.main_window - INFO - 缩放后图像尺寸：(1000, 1000, 3) (main_window.py:255)
2025-02-08 00:27:39 - Moge.ui.main_window - INFO - 颜色聚类完成，最终图像尺寸：(1000, 1000, 3) (main_window.py:273)
2025-02-08 00:27:39 - Moge.ui.main_window - INFO - 画布已更新显示 1000x1000 图像 (main_window.py:218)
2025-02-08 00:27:39 - Moge.ui.main_window - INFO - 图像处理流程完成 (main_window.py:278)
2025-02-08 00:44:08 - Moge - INFO - 应用程序退出，代码: 0 (main.py:48)
2025-02-08 00:44:11 - Moge - INFO - ====== 应用程序启动 ====== (main.py:27)
2025-02-08 00:44:11 - Moge.ui.main_window - INFO - 主窗口初始化完成 (main_window.py:31)
2025-02-08 00:44:11 - Moge - INFO - 主窗口初始化完成 (main.py:44)
2025-02-08 00:44:12 - Moge.ui.main_window - INFO - 开始打开图片流程 (main_window.py:123)
2025-02-08 00:44:18 - Moge.ui.main_window - INFO - 画布已更新显示 1000x1000 图像 (main_window.py:218)
2025-02-08 00:44:24 - Moge.ui.main_window - INFO - 开始图像处理流程 (main_window.py:226)
2025-02-08 00:44:24 - Moge.ui.main_window - INFO - 处理参数：{'block_size': 8, 'resize_method': '向上取整', 'pixel_method': '平均值', 'n_clusters': 64, 'seed': 42} (main_window.py:242)
2025-02-08 00:44:24 - Moge.ui.main_window - INFO - 缩放后图像尺寸：(1000, 1000, 3) (main_window.py:264)
2025-02-08 00:44:29 - Moge.ui.main_window - INFO - 颜色聚类完成，最终图像尺寸：(1000, 1000, 3) (main_window.py:286)
2025-02-08 00:44:29 - Moge.ui.main_window - INFO - 画布已更新显示 1000x1000 图像 (main_window.py:218)
2025-02-08 00:44:29 - Moge.ui.main_window - INFO - 图像处理流程完成 (main_window.py:292)
2025-02-08 00:44:51 - Moge - INFO - 应用程序退出，代码: 0 (main.py:48)
2025-02-08 00:50:33 - Moge - INFO - ====== 应用程序启动 ====== (main.py:27)
2025-02-08 00:50:34 - Moge.ui.main_window - INFO - 主窗口初始化完成 (main_window.py:30)
2025-02-08 00:50:34 - Moge - INFO - 主窗口初始化完成 (main.py:44)
2025-02-08 00:50:37 - Moge - INFO - 应用程序退出，代码: 0 (main.py:48)
2025-02-08 00:50:46 - Moge - INFO - ====== 应用程序启动 ====== (main.py:27)
2025-02-08 00:50:46 - Moge.ui.main_window - INFO - 主窗口初始化完成 (main_window.py:30)
2025-02-08 00:50:46 - Moge - INFO - 主窗口初始化完成 (main.py:44)
2025-02-08 00:50:49 - Moge - INFO - ====== 应用程序启动 ====== (main.py:27)
2025-02-08 00:50:49 - Moge - INFO - ====== 应用程序启动 ====== (main.py:27)
2025-02-08 00:50:49 - Moge.ui.main_window - INFO - 主窗口初始化完成 (main_window.py:30)
2025-02-08 00:50:49 - Moge.ui.main_window - INFO - 主窗口初始化完成 (main_window.py:30)
2025-02-08 00:50:49 - Moge - INFO - 主窗口初始化完成 (main.py:44)
2025-02-08 00:50:49 - Moge - INFO - 主窗口初始化完成 (main.py:44)
2025-02-08 00:50:56 - Moge - INFO - ====== 应用程序启动 ====== (main.py:27)
2025-02-08 00:50:56 - Moge - INFO - ====== 应用程序启动 ====== (main.py:27)
2025-02-08 00:50:56 - Moge.ui.main_window - INFO - 主窗口初始化完成 (main_window.py:30)
2025-02-08 00:50:57 - Moge - INFO - 主窗口初始化完成 (main.py:44)
2025-02-08 00:50:57 - Moge - INFO - 主窗口初始化完成 (main.py:44)
2025-02-08 00:50:59 - Moge - INFO - 应用程序退出，代码: 0 (main.py:48)
2025-02-08 00:51:00 - Moge - INFO - 应用程序退出，代码: 0 (main.py:48)
